{"/Users/zuri/Documents/Experiments/levelup-games/src/api.js": {"path":"/Users/zuri/Documents/Experiments/levelup-games/src/api.js","statementMap":{"0":{"start":{"line":3,"column":26},"end":{"line":19,"column":1}},"1":{"start":{"line":4,"column":18},"end":{"line":4,"column":37}},"2":{"start":{"line":5,"column":17},"end":{"line":5,"column":41}},"3":{"start":{"line":6,"column":18},"end":{"line":6,"column":37}},"4":{"start":{"line":7,"column":23},"end":{"line":7,"column":77}},"5":{"start":{"line":8,"column":22},"end":{"line":8,"column":52}},"6":{"start":{"line":10,"column":19},"end":{"line":10,"column":80}},"7":{"start":{"line":11,"column":18},"end":{"line":11,"column":77}},"8":{"start":{"line":14,"column":2},"end":{"line":18,"column":3}},"9":{"start":{"line":27,"column":17},"end":{"line":32,"column":1}},"10":{"start":{"line":28,"column":18},"end":{"line":28,"column":57}},"11":{"start":{"line":29,"column":22},"end":{"line":29,"column":47}},"12":{"start":{"line":30,"column":26},"end":{"line":30,"column":46}},"13":{"start":{"line":31,"column":2},"end":{"line":31,"column":36}}},"fnMap":{"0":{"name":"(anonymous_0)","decl":{"start":{"line":3,"column":26},"end":{"line":3,"column":27}},"loc":{"start":{"line":3,"column":39},"end":{"line":19,"column":1}},"line":3},"1":{"name":"(anonymous_1)","decl":{"start":{"line":27,"column":17},"end":{"line":27,"column":18}},"loc":{"start":{"line":27,"column":29},"end":{"line":32,"column":1}},"line":27}},"branchMap":{},"s":{"0":2,"1":3,"2":3,"3":3,"4":2,"5":2,"6":2,"7":2,"8":2,"9":2,"10":2,"11":2,"12":2,"13":2},"f":{"0":3,"1":2},"b":{},"_coverageSchema":"1a1c01bbd47fc00a2c39e90264f33305004495a9","hash":"1e563634c11483758f2cc1e70a43096818a09de7"}
,"/Users/zuri/Documents/Experiments/levelup-games/src/controller.js": {"path":"/Users/zuri/Documents/Experiments/levelup-games/src/controller.js","statementMap":{"0":{"start":{"line":6,"column":4},"end":{"line":9,"column":7}}},"fnMap":{"0":{"name":"(anonymous_0)","decl":{"start":{"line":4,"column":12},"end":{"line":4,"column":13}},"loc":{"start":{"line":4,"column":30},"end":{"line":10,"column":3}},"line":4}},"branchMap":{},"s":{"0":1},"f":{"0":1},"b":{},"_coverageSchema":"1a1c01bbd47fc00a2c39e90264f33305004495a9","hash":"af70c3c1c56d2ef82256fa8ee32662a76faf5662"}
,"/Users/zuri/Documents/Experiments/levelup-games/src/index.js": {"path":"/Users/zuri/Documents/Experiments/levelup-games/src/index.js","statementMap":{"0":{"start":{"line":1,"column":13},"end":{"line":1,"column":34}},"1":{"start":{"line":4,"column":15},"end":{"line":7,"column":1}},"2":{"start":{"line":8,"column":15},"end":{"line":8,"column":34}},"3":{"start":{"line":10,"column":0},"end":{"line":10,"column":31}},"4":{"start":{"line":13,"column":13},"end":{"line":16,"column":1}},"5":{"start":{"line":14,"column":2},"end":{"line":14,"column":23}},"6":{"start":{"line":15,"column":2},"end":{"line":15,"column":55}},"7":{"start":{"line":18,"column":0},"end":{"line":21,"column":3}},"8":{"start":{"line":19,"column":2},"end":{"line":19,"column":19}},"9":{"start":{"line":20,"column":2},"end":{"line":20,"column":18}},"10":{"start":{"line":23,"column":0},"end":{"line":23,"column":7}},"11":{"start":{"line":25,"column":0},"end":{"line":25,"column":24}}},"fnMap":{"0":{"name":"(anonymous_0)","decl":{"start":{"line":13,"column":13},"end":{"line":13,"column":14}},"loc":{"start":{"line":13,"column":25},"end":{"line":16,"column":1}},"line":13},"1":{"name":"(anonymous_1)","decl":{"start":{"line":18,"column":33},"end":{"line":18,"column":34}},"loc":{"start":{"line":18,"column":42},"end":{"line":21,"column":1}},"line":18}},"branchMap":{},"s":{"0":1,"1":1,"2":1,"3":1,"4":1,"5":1,"6":1,"7":1,"8":0,"9":0,"10":1,"11":1},"f":{"0":1,"1":0},"b":{},"_coverageSchema":"1a1c01bbd47fc00a2c39e90264f33305004495a9","hash":"10bcddcc2be5029e6d439f07de0ffb43ab317f4b"}
,"/Users/zuri/Documents/Experiments/levelup-games/src/routes.js": {"path":"/Users/zuri/Documents/Experiments/levelup-games/src/routes.js","statementMap":{"0":{"start":{"line":8,"column":6},"end":{"line":11,"column":9}}},"fnMap":{"0":{"name":"(anonymous_0)","decl":{"start":{"line":7,"column":13},"end":{"line":7,"column":14}},"loc":{"start":{"line":7,"column":25},"end":{"line":12,"column":5}},"line":7}},"branchMap":{},"s":{"0":1},"f":{"0":1},"b":{},"_coverageSchema":"1a1c01bbd47fc00a2c39e90264f33305004495a9","hash":"e5fbb4ce2a3cd58ff12fafb34badb0956b6b39ca"}
,"/Users/zuri/Documents/Experiments/levelup-games/src/util/request.js": {"path":"/Users/zuri/Documents/Experiments/levelup-games/src/util/request.js","statementMap":{"0":{"start":{"line":1,"column":14},"end":{"line":1,"column":30}},"1":{"start":{"line":3,"column":17},"end":{"line":7,"column":1}},"2":{"start":{"line":4,"column":19},"end":{"line":4,"column":39}},"3":{"start":{"line":5,"column":2},"end":{"line":5,"column":22}}},"fnMap":{"0":{"name":"(anonymous_0)","decl":{"start":{"line":3,"column":17},"end":{"line":3,"column":18}},"loc":{"start":{"line":3,"column":32},"end":{"line":7,"column":1}},"line":3}},"branchMap":{},"s":{"0":3,"1":3,"2":9,"3":8},"f":{"0":9},"b":{},"_coverageSchema":"1a1c01bbd47fc00a2c39e90264f33305004495a9","hash":"9275c40ab56c6a5b41348f6957641d9cc1cfa649"}
,"/Users/zuri/Documents/Experiments/levelup-games/src/util/words.js": {"path":"/Users/zuri/Documents/Experiments/levelup-games/src/util/words.js","statementMap":{"0":{"start":{"line":1,"column":0},"end":{"line":1,"column":27}},"1":{"start":{"line":4,"column":16},"end":{"line":4,"column":35}},"2":{"start":{"line":6,"column":14},"end":{"line":48,"column":1}},"3":{"start":{"line":7,"column":25},"end":{"line":7,"column":54}},"4":{"start":{"line":9,"column":2},"end":{"line":11,"column":3}},"5":{"start":{"line":10,"column":5},"end":{"line":10,"column":79}},"6":{"start":{"line":13,"column":2},"end":{"line":22,"column":3}},"7":{"start":{"line":14,"column":19},"end":{"line":14,"column":21}},"8":{"start":{"line":15,"column":27},"end":{"line":15,"column":258}},"9":{"start":{"line":17,"column":2},"end":{"line":19,"column":7}},"10":{"start":{"line":18,"column":6},"end":{"line":18,"column":34}},"11":{"start":{"line":21,"column":4},"end":{"line":21,"column":27}},"12":{"start":{"line":24,"column":2},"end":{"line":34,"column":3}},"13":{"start":{"line":25,"column":24},"end":{"line":25,"column":26}},"14":{"start":{"line":26,"column":27},"end":{"line":26,"column":258}},"15":{"start":{"line":29,"column":4},"end":{"line":31,"column":7}},"16":{"start":{"line":30,"column":6},"end":{"line":30,"column":39}},"17":{"start":{"line":33,"column":4},"end":{"line":33,"column":32}},"18":{"start":{"line":37,"column":2},"end":{"line":47,"column":3}},"19":{"start":{"line":38,"column":19},"end":{"line":38,"column":21}},"20":{"start":{"line":39,"column":27},"end":{"line":39,"column":258}},"21":{"start":{"line":42,"column":4},"end":{"line":44,"column":7}},"22":{"start":{"line":43,"column":6},"end":{"line":43,"column":34}},"23":{"start":{"line":46,"column":4},"end":{"line":46,"column":27}}},"fnMap":{"0":{"name":"(anonymous_0)","decl":{"start":{"line":6,"column":14},"end":{"line":6,"column":15}},"loc":{"start":{"line":6,"column":30},"end":{"line":48,"column":1}},"line":6},"1":{"name":"(anonymous_1)","decl":{"start":{"line":17,"column":21},"end":{"line":17,"column":22}},"loc":{"start":{"line":17,"column":32},"end":{"line":19,"column":5}},"line":17},"2":{"name":"(anonymous_2)","decl":{"start":{"line":29,"column":23},"end":{"line":29,"column":24}},"loc":{"start":{"line":29,"column":34},"end":{"line":31,"column":5}},"line":29},"3":{"name":"(anonymous_3)","decl":{"start":{"line":42,"column":23},"end":{"line":42,"column":24}},"loc":{"start":{"line":42,"column":34},"end":{"line":44,"column":5}},"line":42}},"branchMap":{"0":{"loc":{"start":{"line":9,"column":2},"end":{"line":11,"column":3}},"type":"if","locations":[{"start":{"line":9,"column":2},"end":{"line":11,"column":3}},{"start":{"line":9,"column":2},"end":{"line":11,"column":3}}],"line":9},"1":{"loc":{"start":{"line":13,"column":2},"end":{"line":22,"column":3}},"type":"if","locations":[{"start":{"line":13,"column":2},"end":{"line":22,"column":3}},{"start":{"line":13,"column":2},"end":{"line":22,"column":3}}],"line":13},"2":{"loc":{"start":{"line":24,"column":2},"end":{"line":34,"column":3}},"type":"if","locations":[{"start":{"line":24,"column":2},"end":{"line":34,"column":3}},{"start":{"line":24,"column":2},"end":{"line":34,"column":3}}],"line":24},"3":{"loc":{"start":{"line":37,"column":2},"end":{"line":47,"column":3}},"type":"if","locations":[{"start":{"line":37,"column":2},"end":{"line":47,"column":3}},{"start":{"line":37,"column":2},"end":{"line":47,"column":3}}],"line":37}},"s":{"0":3,"1":3,"2":3,"3":11,"4":11,"5":1,"6":10,"7":4,"8":4,"9":4,"10":319,"11":4,"12":6,"13":3,"14":3,"15":3,"16":300,"17":3,"18":3,"19":3,"20":3,"21":2,"22":66,"23":2},"f":{"0":11,"1":319,"2":300,"3":66},"b":{"0":[1,10],"1":[4,6],"2":[3,3],"3":[3,0]},"_coverageSchema":"1a1c01bbd47fc00a2c39e90264f33305004495a9","hash":"e727e51ef073a0bbfc525ff6893ad5dd68fdd2d7"}
}
