TN:
SF:src/api.js
FN:3,(anonymous_0)
FN:27,(anonymous_1)
FNF:2
FNH:2
FNDA:3,(anonymous_0)
FNDA:2,(anonymous_1)
DA:3,2
DA:4,3
DA:5,3
DA:6,3
DA:7,2
DA:8,2
DA:10,2
DA:11,2
DA:14,2
DA:27,2
DA:28,2
DA:29,2
DA:30,2
DA:31,2
LF:14
LH:14
BRF:0
BRH:0
end_of_record
TN:
SF:src/controller.js
FN:4,(anonymous_0)
FNF:1
FNH:1
FNDA:1,(anonymous_0)
DA:6,1
LF:1
LH:1
BRF:0
BRH:0
end_of_record
TN:
SF:src/index.js
FN:13,(anonymous_0)
FN:18,(anonymous_1)
FNF:2
FNH:1
FNDA:1,(anonymous_0)
FNDA:0,(anonymous_1)
DA:1,1
DA:4,1
DA:8,1
DA:10,1
DA:13,1
DA:14,1
DA:15,1
DA:18,1
DA:19,0
DA:20,0
DA:23,1
DA:25,1
LF:12
LH:10
BRF:0
BRH:0
end_of_record
TN:
SF:src/routes.js
FN:7,(anonymous_0)
FNF:1
FNH:1
FNDA:1,(anonymous_0)
DA:8,1
LF:1
LH:1
BRF:0
BRH:0
end_of_record
TN:
SF:src/util/request.js
FN:3,(anonymous_0)
FNF:1
FNH:1
FNDA:9,(anonymous_0)
DA:1,3
DA:3,3
DA:4,9
DA:5,8
LF:4
LH:4
BRF:0
BRH:0
end_of_record
TN:
SF:src/util/words.js
FN:6,(anonymous_0)
FN:17,(anonymous_1)
FN:29,(anonymous_2)
FN:42,(anonymous_3)
FNF:4
FNH:4
FNDA:11,(anonymous_0)
FNDA:319,(anonymous_1)
FNDA:300,(anonymous_2)
FNDA:66,(anonymous_3)
DA:1,3
DA:4,3
DA:6,3
DA:7,11
DA:9,11
DA:10,1
DA:13,10
DA:14,4
DA:15,4
DA:17,4
DA:18,319
DA:21,4
DA:24,6
DA:25,3
DA:26,3
DA:29,3
DA:30,300
DA:33,3
DA:37,3
DA:38,3
DA:39,3
DA:42,2
DA:43,66
DA:46,2
LF:24
LH:24
BRDA:9,0,0,1
BRDA:9,0,1,10
BRDA:13,1,0,4
BRDA:13,1,1,6
BRDA:24,2,0,3
BRDA:24,2,1,3
BRDA:37,3,0,3
BRDA:37,3,1,0
BRF:8
BRH:7
end_of_record
